

<!DOCTYPE html>
<html>
<head>
<meta charset="UTF-8">
<meta name="viewport" content="width=device-width, initial-scale=1, shrink-to-fit=no">
<title></title>
<link rel="apple-touch-icon" href="https://cdn.jsdelivr.net/gh/extent-framework/extent-github-cdn@b00a2d0486596e73dd7326beacf352c639623a0e/commons/img/logo.png">
<link rel="shortcut icon" href="https://cdn.jsdelivr.net/gh/extent-framework/extent-github-cdn@b00a2d0486596e73dd7326beacf352c639623a0e/commons/img/logo.png">
<link href="https://cdn.jsdelivr.net/gh/extent-framework/extent-github-cdn@d6562a79075e061305ccfdb82f01e5e195e2d307/spark/css/spark-style.css" rel="stylesheet" />
<link href="https://stackpath.bootstrapcdn.com/font-awesome/4.7.0/css/font-awesome.min.css" rel="stylesheet">
<script src="https://cdn.jsdelivr.net/gh/extent-framework/extent-github-cdn@7cc78ce/spark/js/jsontree.js"></script>
<style type="text/css"></style></head><body class="spa bdd-report standard">
  <div class="app">
    <div class="layout">
<div class="header navbar">
<div class="vheader">
<div class="nav-logo">
<a href="#">
<div class="logo" style="background-image: url('https://cdn.jsdelivr.net/gh/extent-framework/extent-github-cdn@b00a2d0486596e73dd7326beacf352c639623a0e/commons/img/logo.png')"></div>
</a>
</div>
<ul class="nav-left">
<li class="search-box">
<a class="search-toggle" href="#">
<i class="search-icon fa fa-search"></i>
<i class="search-icon-close fa fa-close"></i>
</a>
</li>
<li class="search-input"><input id="search-tests" class="form-control" type="text" placeholder="Search..."></li>
</ul>
<ul class="nav-right">
<li class="m-r-10">
<a href="#"><span class="badge badge-primary"></span></a>
</li>
<li class="m-r-10">
<a href="#"><span class="badge badge-primary">Jun 19, 2024 11:49:09 AM</span></a>
</li>
</ul>
</div>
</div><div class="side-nav">
<div class="side-nav-inner">
<ul class="side-nav-menu">
<li class="nav-item dropdown" onclick="toggleView('test-view')">
<a id="nav-test" class="dropdown-toggle" href="#">
<span class="ico"><i class="fa fa-list"></i></span>
</a>
</li>
<li class="nav-item dropdown" onclick="toggleView('exception-view')">
<a id="nav-exception" class="dropdown-toggle" href="#">
<span class="ico"><i class="fa fa-bug"></i></span>
</a>
</li>
<li class="nav-item dropdown" onclick="toggleView('dashboard-view')">
<a id="nav-dashboard" class="dropdown-toggle" href="#">
<span class="ico"><i class="fa fa-bar-chart"></i></span>
</a>
</li>
</ul>
</div>
</div>      <div class="vcontainer">
        <div class="main-content">
<div class="test-wrapper row view test-view">
  <div class="test-list">
    <div class="test-list-tools">
<ul class="tools pull-left">
<li><a href="#"><span class="font-size-14">Tests</span></a></li>
</ul>
<ul class="tools text-right">
<li class="dropdown">
<a href="#" class="dropdown-toggle" data-toggle="dropdown"><i class="fa fa-exclamation-circle"></i></a>
<ul id="status-toggle" class="dropdown-menu dropdown-md p-v-0">
<a class="dropdown-item" status="pass" href="#"><span>Pass</span><span class="status success"></span></a>
<a class="dropdown-item" status="fail" href="#"><span>Fail</span><span class="status danger"></span></a>
<div class="dropdown-divider"></div>
<a status="clear" class="dropdown-item" href="#"><span>Clear</span><span class="pull-right"><i class="fa fa-close"></i></span></a>
</ul>
</li>
</ul>
</div>    <div class="test-list-wrapper scrollable">
      <ul class="test-list-item">
        <li class="test-item"  status="pass" test-id="1"
          author=""
          tag=""
          device="">
          <div class="test-detail">
            <p class="name">Validate the Home Page Functionalites</p>
            <p class="text-sm">
              <span>11:49:11 AM</span> / <span>00:00:25:350</span>
              <span class="badge pass-bg log float-right">Pass</span>
            </p>
          </div>
          <div class="test-contents d-none">
<div class="detail-head">
<div class="p-v-10">
<div class="info">
<h5 class="test-status text-pass">Validate the Home Page Functionalites</h5>
<span class='badge badge-success'>06.19.2024 11:49:11 AM</span>
<span class='badge badge-danger'>06.19.2024 11:49:36 AM</span>
<span class='badge badge-default'>00:00:25:350</span>
&middot; <span class='uri-anchor badge badge-default'>#test-id=1</span>
<span class='badge badge-default pointer float-right ml-1 et'><i class="fa fa-chevron-down"></i></span>
<span class='badge badge-default pointer float-right ct'><i class="fa fa-chevron-up"></i></span>
</div>
<div class="m-t-10 m-l-5"></div>
</div>
</div>
<div class="accordion mt-4">
  <div class="card">
    <div class="card-header" role="tab">
      <div class="card-title">
        <div class="node" id="2"><span class="badge log pass-bg mr-2">Pass</span>verify the ablity to dismiss the push notfication</div>
      </div>
    </div>
        <div class="collapse">
          <div class="card-body">
              <div class="step pass-bg" title="StepDefinition.HomeStepDefiniton.user_on_the_home_page()">
                <span>Given user on the Home page</span>
      <div>
      </div>
              </div>
              <div class="step pass-bg" title="StepDefinition.HomeStepDefiniton.user_checks_for_any_visbile_push_notifications()">
                <span>When user checks for any visbile push notifications</span>
      <div>
      </div>
              </div>
              <div class="step pass-bg" title="StepDefinition.HomeStepDefiniton.the_user_should_able_to_dismiss_the_notification_sucessfully()">
                <span>Then the user should able to dismiss the notification sucessfully</span>
      <div>
      </div>
              </div>
          </div>
        </div>
  </div>
  <div class="card">
    <div class="card-header" role="tab">
      <div class="card-title">
        <div class="node" id="11"><span class="badge log pass-bg mr-2">Pass</span>Ensure the Navigating to upcoming Bikes section is functional</div>
      </div>
    </div>
        <div class="collapse">
          <div class="card-body">
              <div class="step pass-bg" title="StepDefinition.HomeStepDefiniton.the_user_hovers_the_bike_menu()">
                <span>When the user hovers the bike menu</span>
      <div>
      </div>
              </div>
              <div class="step pass-bg" title="StepDefinition.HomeStepDefiniton.the_users_selects_the_upciming_bikes_option_from_menu()">
                <span>And the users selects the upciming bikes option from menu</span>
      <div>
      </div>
              </div>
              <div class="step pass-bg" title="StepDefinition.HomeStepDefiniton.the_user_should_redirect_to_the_upcoming_bikes_section()">
                <span>Then the user should redirect to the upcoming bikes section</span>
      <div>
      </div>
              </div>
          </div>
        </div>
  </div>
</div>
          </div>
        </li>
        <li class="test-item"  status="pass" test-id="20"
          author=""
          tag=""
          device="">
          <div class="test-detail">
            <p class="name">Upcoming Bike Page Interaction</p>
            <p class="text-sm">
              <span>11:49:36 AM</span> / <span>00:00:22:649</span>
              <span class="badge pass-bg log float-right">Pass</span>
            </p>
          </div>
          <div class="test-contents d-none">
<div class="detail-head">
<div class="p-v-10">
<div class="info">
<h5 class="test-status text-pass">Upcoming Bike Page Interaction</h5>
<span class='badge badge-success'>06.19.2024 11:49:36 AM</span>
<span class='badge badge-danger'>06.19.2024 11:49:59 AM</span>
<span class='badge badge-default'>00:00:22:649</span>
&middot; <span class='uri-anchor badge badge-default'>#test-id=20</span>
<span class='badge badge-default pointer float-right ml-1 et'><i class="fa fa-chevron-down"></i></span>
<span class='badge badge-default pointer float-right ct'><i class="fa fa-chevron-up"></i></span>
</div>
<div class="m-t-10 m-l-5"></div>
</div>
</div>
<div class="accordion mt-4">
  <div class="card">
    <div class="card-header" role="tab">
      <div class="card-title">
        <div class="node" id="21"><span class="badge log pass-bg mr-2">Pass</span>Select a specific brand from the brand dropdown</div>
      </div>
    </div>
        <div class="collapse">
          <div class="card-body">
              <div class="step pass-bg" title="StepDefinition.UpcomingBikeStrpDefinition.the_user_is_on_the_upcoming_bikes_page()">
                <span>Given the user is on the Upcoming Bikes page</span>
      <div>
      </div>
              </div>
              <div class="step pass-bg" title="StepDefinition.UpcomingBikeStrpDefinition.the_user_selects_the_brand_from_the_dropdown()">
                <span>When the user selects the Honda brand from the dropdown</span>
      <div>
      </div>
              </div>
              <div class="step pass-bg" title="StepDefinition.UpcomingBikeStrpDefinition.the_dropdown_should_reflect_as_the_selected_brand()">
                <span>Then only Honda bikes should be displayed on the list</span>
      <div>
      </div>
              </div>
          </div>
        </div>
  </div>
  <div class="card">
    <div class="card-header" role="tab">
      <div class="card-title">
        <div class="node" id="30"><span class="badge log pass-bg mr-2">Pass</span>Load more bikes</div>
      </div>
    </div>
        <div class="collapse">
          <div class="card-body">
              <div class="step pass-bg" title="StepDefinition.UpcomingBikeStrpDefinition.the_user_clicks_on_the_button()">
                <span>When the user clicks on the Load More button</span>
      <div>
      </div>
              </div>
              <div class="step pass-bg" title="StepDefinition.UpcomingBikeStrpDefinition.additional_bikes_should_be_displayed_on_the_page()">
                <span>Then All bikes should be displayed on the page</span>
      <div>
      </div>
              </div>
          </div>
        </div>
  </div>
  <div class="card">
    <div class="card-header" role="tab">
      <div class="card-title">
        <div class="node" id="37"><span class="badge log pass-bg mr-2">Pass</span>Fetch bike details under a certain price</div>
      </div>
    </div>
        <div class="collapse">
          <div class="card-body">
              <div class="step pass-bg" title="StepDefinition.UpcomingBikeStrpDefinition.the_user_views_the_list_of_bikes()">
                <span>When the user views the list of bikes</span>
      <div>
      </div>
              </div>
              <div class="step pass-bg" title="StepDefinition.UpcomingBikeStrpDefinition.bikes_priced_under_lakhs_should_be_fetched(java.lang.String)">
                <span>Then bikes priced under "4.00" lakhs should be fetched</span>
      <div>
      </div>
              </div>
              <div class="step pass-bg" title="StepDefinition.UpcomingBikeStrpDefinition.the_details_should_include_the_name_and_price()">
                <span>And the details should include the name and price</span>
      <div>
      </div>
              </div>
          </div>
        </div>
  </div>
  <div class="card">
    <div class="card-header" role="tab">
      <div class="card-title">
        <div class="node" id="46"><span class="badge log pass-bg mr-2">Pass</span>Navigate to the Used Cars section</div>
      </div>
    </div>
        <div class="collapse">
          <div class="card-body">
              <div class="step pass-bg" title="StepDefinition.UpcomingBikeStrpDefinition.the_user_navigates_to_the_used_cars_menu()">
                <span>When the user navigates to the Used Cars menu</span>
      <div>
      </div>
              </div>
              <div class="step pass-bg" title="StepDefinition.UpcomingBikeStrpDefinition.selects_from_the_options(java.lang.String)">
                <span>And selects "Used Cars in Chennai" from the options</span>
      <div>
      </div>
              </div>
              <div class="step pass-bg" title="StepDefinition.UpcomingBikeStrpDefinition.the_user_should_be_redirected_to_the_used_cars_page()">
                <span>Then the user should be redirected to the Used Cars page</span>
      <div>
      </div>
              </div>
          </div>
        </div>
  </div>
</div>
          </div>
        </li>
        <li class="test-item"  status="fail" test-id="55"
          author=""
          tag=""
          device="">
          <div class="test-detail">
            <p class="name">Car Page Interaction</p>
            <p class="text-sm">
              <span>11:49:59 AM</span> / <span>00:00:11:876</span>
              <span class="badge fail-bg log float-right">Fail</span>
            </p>
          </div>
          <div class="test-contents d-none">
<div class="detail-head">
<div class="p-v-10">
<div class="info">
<h5 class="test-status text-fail">Car Page Interaction</h5>
<span class='badge badge-success'>06.19.2024 11:49:59 AM</span>
<span class='badge badge-danger'>06.19.2024 11:50:10 AM</span>
<span class='badge badge-default'>00:00:11:876</span>
&middot; <span class='uri-anchor badge badge-default'>#test-id=55</span>
<span class='badge badge-default pointer float-right ml-1 et'><i class="fa fa-chevron-down"></i></span>
<span class='badge badge-default pointer float-right ct'><i class="fa fa-chevron-up"></i></span>
</div>
<div class="m-t-10 m-l-5"></div>
</div>
</div>
<div class="accordion mt-4">
  <div class="card">
    <div class="card-header" role="tab">
      <div class="card-title">
        <div class="node" id="56"><span class="badge log pass-bg mr-2">Pass</span>Display the popular cars</div>
      </div>
    </div>
        <div class="collapse">
          <div class="card-body">
              <div class="step pass-bg" title="StepDefinition.UsedCarsStepDefinition.the_user_is_on_the_used_cars_page()">
                <span>Given the user is on the Used Cars Page</span>
      <div>
      </div>
              </div>
              <div class="step pass-bg" title="StepDefinition.UsedCarsStepDefinition.the_user_clicks_on(java.lang.String)">
                <span>When the user clicks on "Read More"</span>
      <div>
      </div>
              </div>
              <div class="step pass-bg" title="StepDefinition.UsedCarsStepDefinition.the_popular_cars_should_be_displayed()">
                <span>Then the popular cars should be displayed</span>
      <div>
      </div>
              </div>
          </div>
        </div>
  </div>
  <div class="card">
    <div class="card-header" role="tab">
      <div class="card-title">
        <div class="node" id="65"><span class="badge log fail-bg mr-2">Fail</span>Log in as a registered user</div>
          <div class="status-avatar float-right mr-4">
            <i class="fa fa-paperclip"></i>
          </div>
      </div>
    </div>
        <div class="">
          <div class="card-body">
              <div class="step pass-bg" title="StepDefinition.UsedCarsStepDefinition.the_user_clicks_on_the_user_icon_to_log_in()">
                <span>When the user clicks on the user icon to log in</span>
      <div>
      </div>
              </div>
              <div class="step fail-bg" title="StepDefinition.UsedCarsStepDefinition.the_sign_in_pop_up_option_will_appear()">
                <span>Then the sign-in pop-up option will appear</span>
      <div>
        <textarea disabled class="code-block">org.openqa.selenium.TimeoutException: Expected condition failed: waiting for visibility of [[ChromeDriver: chrome on windows (4e2ff5e98c1c9445ab10c384e47d52b9)] -> xpath: //div[@id='signinDiv']/div] (tried for 10 second(s) with 500 milliseconds interval)
Build info: version: '4.19.1', revision: 'abe0ee07dc'
System info: os.name: 'Windows 11', os.arch: 'amd64', os.version: '10.0', java.version: '17.0.9'
Driver info: org.openqa.selenium.chrome.ChromeDriver
Capabilities {acceptInsecureCerts: false, browserName: chrome, browserVersion: 123.0.6312.59, chrome: {chromedriverVersion: 123.0.6312.122 (31f8248cdd9..., userDataDir: C:\WINDOWS\SystemTemp\scope...}, fedcm:accounts: true, goog:chromeOptions: {debuggerAddress: localhost:58496}, networkConnectionEnabled: false, pageLoadStrategy: normal, platformName: windows, proxy: Proxy(), se:cdp: ws://localhost:58496/devtoo..., se:cdpVersion: 123.0.6312.59, setWindowRect: true, strictFileInteractability: false, timeouts: {implicit: 0, pageLoad: 300000, script: 30000}, unhandledPromptBehavior: dismiss and notify, webauthn:extension:credBlob: true, webauthn:extension:largeBlob: true, webauthn:extension:minPinLength: true, webauthn:extension:prf: true, webauthn:virtualAuthenticators: true}
Session ID: 4e2ff5e98c1c9445ab10c384e47d52b9
	at org.openqa.selenium.support.ui.WebDriverWait.timeoutException(WebDriverWait.java:84)
	at org.openqa.selenium.support.ui.FluentWait.until(FluentWait.java:228)
	at PageObject.UsedCarsPage.waitingForPopup(UsedCarsPage.java:86)
	at StepDefinition.UsedCarsStepDefinition.the_sign_in_pop_up_option_will_appear(UsedCarsStepDefinition.java:69)
	at ✽.the sign-in pop-up option will appear(file:///C:/Users/2318647/OneDrive%20-%20Cognizant/Documents/Hackthon/features/3_usedcars.feature:10)
</textarea>
      
      </div>
              </div>
              <div class="step pass-bg" title="AFTER_STEP">
                <span>Hooks.Hooks.addScreenshot(io.cucumber.java.Scenario)</span>
      <div>Log in as a registered user
          <div class="row mb-3"><div class="col-md-3">
<img data-featherlight='../ScreenshotsReport/embedded1.png' src="../ScreenshotsReport/embedded1.png">
    
    </div></div>
</div>
      <div>
      </div>
              </div>
              <div class="step skip-bg" title="StepDefinition.UsedCarsStepDefinition.the_user_should_click_on_the_google_sign_in()">
                <span>And the user should click on the Google sign-in</span>
      <div>Step skipped
      </div>
              </div>
          </div>
        </div>
  </div>
</div>
          </div>
        </li>
        <li class="test-item"  status="fail" test-id="74"
          author=""
          tag=""
          device="">
          <div class="test-detail">
            <p class="name">Login page Email Vaildation</p>
            <p class="text-sm">
              <span>11:50:10 AM</span> / <span>00:00:04:814</span>
              <span class="badge fail-bg log float-right">Fail</span>
            </p>
          </div>
          <div class="test-contents d-none">
<div class="detail-head">
<div class="p-v-10">
<div class="info">
<h5 class="test-status text-fail">Login page Email Vaildation</h5>
<span class='badge badge-success'>06.19.2024 11:50:10 AM</span>
<span class='badge badge-danger'>06.19.2024 11:50:15 AM</span>
<span class='badge badge-default'>00:00:04:814</span>
&middot; <span class='uri-anchor badge badge-default'>#test-id=74</span>
<span class='badge badge-default pointer float-right ml-1 et'><i class="fa fa-chevron-down"></i></span>
<span class='badge badge-default pointer float-right ct'><i class="fa fa-chevron-up"></i></span>
</div>
<div class="m-t-10 m-l-5"></div>
</div>
</div>
<div class="accordion mt-4">
  <div class="card">
    <div class="card-header" role="tab">
      <div class="card-title">
        <div class="node" id="75"><span class="badge log fail-bg mr-2">Fail</span>validate the email address and handle the error message</div>
          <div class="status-avatar float-right mr-4">
            <i class="fa fa-paperclip"></i>
          </div>
      </div>
    </div>
        <div class="scenario_outline ">
            <div class="card-body l1">
              <div class="card-header">
                <div class="card-title outline-child">
                  <div class="node" id="76"><span class="badge log fail-bg mr-2">Fail</span>validate the email address and handle the error message</div>
                    <div class="status-avatar float-right">
                      <i class="fa fa-paperclip"></i>
                    </div>
                </div>
              </div>
              <div class="card-body mt-3 ">
                  <div class="step fail-bg">
                    <span>Given The user should on the accountsgoogle page</span>
      <div>
        <textarea disabled class="code-block">java.lang.AssertionError
	at org.junit.Assert.fail(Assert.java:87)
	at org.junit.Assert.assertTrue(Assert.java:42)
	at org.junit.Assert.assertTrue(Assert.java:53)
	at StepDefinition.LoginStepDefiniton.the_user_should_on_the_accountsgoogle_page(LoginStepDefiniton.java:23)
	at ✽.The user should on the accountsgoogle page(file:///C:/Users/2318647/OneDrive%20-%20Cognizant/Documents/Hackthon/features/4_Login.feature:4)
</textarea>
      
      </div>
                  </div>
                  <div class="step pass-bg">
                    <span>Hooks.Hooks.addScreenshot(io.cucumber.java.Scenario)</span>
      <div>validate the email address and handle the error message
          <div class="row mb-3"><div class="col-md-3">
<img data-featherlight='../ScreenshotsReport/embedded2.png' src="../ScreenshotsReport/embedded2.png">
    
    </div></div>
</div>
      <div>
      </div>
                  </div>
                  <div class="step skip-bg">
                    <span>When the enters "1" into the email field</span>
      <div>Step skipped
      </div>
                  </div>
                  <div class="step skip-bg">
                    <span>And clicks on the next button</span>
      <div>Step skipped
      </div>
                  </div>
                  <div class="step skip-bg">
                    <span>Then capture the error message</span>
      <div>Step skipped
      </div>
                  </div>
              </div>
            </div>
            <div class="card-body l1">
              <div class="card-header">
                <div class="card-title outline-child">
                  <div class="node" id="87"><span class="badge log fail-bg mr-2">Fail</span>validate the email address and handle the error message</div>
                    <div class="status-avatar float-right">
                      <i class="fa fa-paperclip"></i>
                    </div>
                </div>
              </div>
              <div class="card-body mt-3 ">
                  <div class="step fail-bg">
                    <span>Given The user should on the accountsgoogle page</span>
      <div>
        <textarea disabled class="code-block">java.lang.AssertionError
	at org.junit.Assert.fail(Assert.java:87)
	at org.junit.Assert.assertTrue(Assert.java:42)
	at org.junit.Assert.assertTrue(Assert.java:53)
	at StepDefinition.LoginStepDefiniton.the_user_should_on_the_accountsgoogle_page(LoginStepDefiniton.java:23)
	at ✽.The user should on the accountsgoogle page(file:///C:/Users/2318647/OneDrive%20-%20Cognizant/Documents/Hackthon/features/4_Login.feature:4)
</textarea>
      
      </div>
                  </div>
                  <div class="step pass-bg">
                    <span>Hooks.Hooks.addScreenshot(io.cucumber.java.Scenario)</span>
      <div>validate the email address and handle the error message
          <div class="row mb-3"><div class="col-md-3">
<img data-featherlight='../ScreenshotsReport/embedded3.png' src="../ScreenshotsReport/embedded3.png">
    
    </div></div>
</div>
      <div>
      </div>
                  </div>
                  <div class="step skip-bg">
                    <span>When the enters "2" into the email field</span>
      <div>Step skipped
      </div>
                  </div>
                  <div class="step skip-bg">
                    <span>And clicks on the next button</span>
      <div>Step skipped
      </div>
                  </div>
                  <div class="step skip-bg">
                    <span>Then capture the error message</span>
      <div>Step skipped
      </div>
                  </div>
              </div>
            </div>
            <div class="card-body l1">
              <div class="card-header">
                <div class="card-title outline-child">
                  <div class="node" id="98"><span class="badge log fail-bg mr-2">Fail</span>validate the email address and handle the error message</div>
                    <div class="status-avatar float-right">
                      <i class="fa fa-paperclip"></i>
                    </div>
                </div>
              </div>
              <div class="card-body mt-3 ">
                  <div class="step fail-bg">
                    <span>Given The user should on the accountsgoogle page</span>
      <div>
        <textarea disabled class="code-block">java.lang.AssertionError
	at org.junit.Assert.fail(Assert.java:87)
	at org.junit.Assert.assertTrue(Assert.java:42)
	at org.junit.Assert.assertTrue(Assert.java:53)
	at StepDefinition.LoginStepDefiniton.the_user_should_on_the_accountsgoogle_page(LoginStepDefiniton.java:23)
	at ✽.The user should on the accountsgoogle page(file:///C:/Users/2318647/OneDrive%20-%20Cognizant/Documents/Hackthon/features/4_Login.feature:4)
</textarea>
      
      </div>
                  </div>
                  <div class="step pass-bg">
                    <span>Hooks.Hooks.addScreenshot(io.cucumber.java.Scenario)</span>
      <div>validate the email address and handle the error message
          <div class="row mb-3"><div class="col-md-3">
<img data-featherlight='../ScreenshotsReport/embedded4.png' src="../ScreenshotsReport/embedded4.png">
    
    </div></div>
</div>
      <div>
      </div>
                  </div>
                  <div class="step skip-bg">
                    <span>When the enters "3" into the email field</span>
      <div>Step skipped
      </div>
                  </div>
                  <div class="step skip-bg">
                    <span>And clicks on the next button</span>
      <div>Step skipped
      </div>
                  </div>
                  <div class="step skip-bg">
                    <span>Then capture the error message</span>
      <div>Step skipped
      </div>
                  </div>
              </div>
            </div>
            <div class="card-body l1">
              <div class="card-header">
                <div class="card-title outline-child">
                  <div class="node" id="109"><span class="badge log fail-bg mr-2">Fail</span>validate the email address and handle the error message</div>
                    <div class="status-avatar float-right">
                      <i class="fa fa-paperclip"></i>
                    </div>
                </div>
              </div>
              <div class="card-body mt-3 ">
                  <div class="step fail-bg">
                    <span>Given The user should on the accountsgoogle page</span>
      <div>
        <textarea disabled class="code-block">java.lang.AssertionError
	at org.junit.Assert.fail(Assert.java:87)
	at org.junit.Assert.assertTrue(Assert.java:42)
	at org.junit.Assert.assertTrue(Assert.java:53)
	at StepDefinition.LoginStepDefiniton.the_user_should_on_the_accountsgoogle_page(LoginStepDefiniton.java:23)
	at ✽.The user should on the accountsgoogle page(file:///C:/Users/2318647/OneDrive%20-%20Cognizant/Documents/Hackthon/features/4_Login.feature:4)
</textarea>
      
      </div>
                  </div>
                  <div class="step pass-bg">
                    <span>Hooks.Hooks.addScreenshot(io.cucumber.java.Scenario)</span>
      <div>validate the email address and handle the error message
          <div class="row mb-3"><div class="col-md-3">
<img data-featherlight='../ScreenshotsReport/embedded5.png' src="../ScreenshotsReport/embedded5.png">
    
    </div></div>
</div>
      <div>
      </div>
                  </div>
                  <div class="step skip-bg">
                    <span>When the enters "4" into the email field</span>
      <div>Step skipped
      </div>
                  </div>
                  <div class="step skip-bg">
                    <span>And clicks on the next button</span>
      <div>Step skipped
      </div>
                  </div>
                  <div class="step skip-bg">
                    <span>Then capture the error message</span>
      <div>Step skipped
      </div>
                  </div>
              </div>
            </div>
            <div class="card-body l1">
              <div class="card-header">
                <div class="card-title outline-child">
                  <div class="node" id="120"><span class="badge log fail-bg mr-2">Fail</span>validate the email address and handle the error message</div>
                    <div class="status-avatar float-right">
                      <i class="fa fa-paperclip"></i>
                    </div>
                </div>
              </div>
              <div class="card-body mt-3 ">
                  <div class="step fail-bg">
                    <span>Given The user should on the accountsgoogle page</span>
      <div>
        <textarea disabled class="code-block">java.lang.AssertionError
	at org.junit.Assert.fail(Assert.java:87)
	at org.junit.Assert.assertTrue(Assert.java:42)
	at org.junit.Assert.assertTrue(Assert.java:53)
	at StepDefinition.LoginStepDefiniton.the_user_should_on_the_accountsgoogle_page(LoginStepDefiniton.java:23)
	at ✽.The user should on the accountsgoogle page(file:///C:/Users/2318647/OneDrive%20-%20Cognizant/Documents/Hackthon/features/4_Login.feature:4)
</textarea>
      
      </div>
                  </div>
                  <div class="step pass-bg">
                    <span>Hooks.Hooks.addScreenshot(io.cucumber.java.Scenario)</span>
      <div>validate the email address and handle the error message
          <div class="row mb-3"><div class="col-md-3">
<img data-featherlight='../ScreenshotsReport/embedded6.png' src="../ScreenshotsReport/embedded6.png">
    
    </div></div>
</div>
      <div>
      </div>
                  </div>
                  <div class="step skip-bg">
                    <span>When the enters "5" into the email field</span>
      <div>Step skipped
      </div>
                  </div>
                  <div class="step skip-bg">
                    <span>And clicks on the next button</span>
      <div>Step skipped
      </div>
                  </div>
                  <div class="step skip-bg">
                    <span>Then capture the error message</span>
      <div>Step skipped
      </div>
                  </div>
              </div>
            </div>
            <div class="card-body l1">
              <div class="card-header">
                <div class="card-title outline-child">
                  <div class="node" id="131"><span class="badge log fail-bg mr-2">Fail</span>validate the email address and handle the error message</div>
                    <div class="status-avatar float-right">
                      <i class="fa fa-paperclip"></i>
                    </div>
                </div>
              </div>
              <div class="card-body mt-3 ">
                  <div class="step fail-bg">
                    <span>Given The user should on the accountsgoogle page</span>
      <div>
        <textarea disabled class="code-block">java.lang.AssertionError
	at org.junit.Assert.fail(Assert.java:87)
	at org.junit.Assert.assertTrue(Assert.java:42)
	at org.junit.Assert.assertTrue(Assert.java:53)
	at StepDefinition.LoginStepDefiniton.the_user_should_on_the_accountsgoogle_page(LoginStepDefiniton.java:23)
	at ✽.The user should on the accountsgoogle page(file:///C:/Users/2318647/OneDrive%20-%20Cognizant/Documents/Hackthon/features/4_Login.feature:4)
</textarea>
      
      </div>
                  </div>
                  <div class="step pass-bg">
                    <span>Hooks.Hooks.addScreenshot(io.cucumber.java.Scenario)</span>
      <div>validate the email address and handle the error message
          <div class="row mb-3"><div class="col-md-3">
<img data-featherlight='../ScreenshotsReport/embedded7.png' src="../ScreenshotsReport/embedded7.png">
    
    </div></div>
</div>
      <div>
      </div>
                  </div>
                  <div class="step skip-bg">
                    <span>When the enters "6" into the email field</span>
      <div>Step skipped
      </div>
                  </div>
                  <div class="step skip-bg">
                    <span>And clicks on the next button</span>
      <div>Step skipped
      </div>
                  </div>
                  <div class="step skip-bg">
                    <span>Then capture the error message</span>
      <div>Step skipped
      </div>
                  </div>
              </div>
            </div>
            <div class="card-body l1">
              <div class="card-header">
                <div class="card-title outline-child">
                  <div class="node" id="142"><span class="badge log fail-bg mr-2">Fail</span>validate the email address and handle the error message</div>
                    <div class="status-avatar float-right">
                      <i class="fa fa-paperclip"></i>
                    </div>
                </div>
              </div>
              <div class="card-body mt-3 ">
                  <div class="step fail-bg">
                    <span>Given The user should on the accountsgoogle page</span>
      <div>
        <textarea disabled class="code-block">java.lang.AssertionError
	at org.junit.Assert.fail(Assert.java:87)
	at org.junit.Assert.assertTrue(Assert.java:42)
	at org.junit.Assert.assertTrue(Assert.java:53)
	at StepDefinition.LoginStepDefiniton.the_user_should_on_the_accountsgoogle_page(LoginStepDefiniton.java:23)
	at ✽.The user should on the accountsgoogle page(file:///C:/Users/2318647/OneDrive%20-%20Cognizant/Documents/Hackthon/features/4_Login.feature:4)
</textarea>
      
      </div>
                  </div>
                  <div class="step pass-bg">
                    <span>Hooks.Hooks.addScreenshot(io.cucumber.java.Scenario)</span>
      <div>validate the email address and handle the error message
          <div class="row mb-3"><div class="col-md-3">
<img data-featherlight='../ScreenshotsReport/embedded8.png' src="../ScreenshotsReport/embedded8.png">
    
    </div></div>
</div>
      <div>
      </div>
                  </div>
                  <div class="step skip-bg">
                    <span>When the enters "7" into the email field</span>
      <div>Step skipped
      </div>
                  </div>
                  <div class="step skip-bg">
                    <span>And clicks on the next button</span>
      <div>Step skipped
      </div>
                  </div>
                  <div class="step skip-bg">
                    <span>Then capture the error message</span>
      <div>Step skipped
      </div>
                  </div>
              </div>
            </div>
            <div class="card-body l1">
              <div class="card-header">
                <div class="card-title outline-child">
                  <div class="node" id="153"><span class="badge log fail-bg mr-2">Fail</span>validate the email address and handle the error message</div>
                    <div class="status-avatar float-right">
                      <i class="fa fa-paperclip"></i>
                    </div>
                </div>
              </div>
              <div class="card-body mt-3 ">
                  <div class="step fail-bg">
                    <span>Given The user should on the accountsgoogle page</span>
      <div>
        <textarea disabled class="code-block">java.lang.AssertionError
	at org.junit.Assert.fail(Assert.java:87)
	at org.junit.Assert.assertTrue(Assert.java:42)
	at org.junit.Assert.assertTrue(Assert.java:53)
	at StepDefinition.LoginStepDefiniton.the_user_should_on_the_accountsgoogle_page(LoginStepDefiniton.java:23)
	at ✽.The user should on the accountsgoogle page(file:///C:/Users/2318647/OneDrive%20-%20Cognizant/Documents/Hackthon/features/4_Login.feature:4)
</textarea>
      
      </div>
                  </div>
                  <div class="step pass-bg">
                    <span>Hooks.Hooks.addScreenshot(io.cucumber.java.Scenario)</span>
      <div>validate the email address and handle the error message
          <div class="row mb-3"><div class="col-md-3">
<img data-featherlight='../ScreenshotsReport/embedded9.png' src="../ScreenshotsReport/embedded9.png">
    
    </div></div>
</div>
      <div>
      </div>
                  </div>
                  <div class="step skip-bg">
                    <span>When the enters "8" into the email field</span>
      <div>Step skipped
      </div>
                  </div>
                  <div class="step skip-bg">
                    <span>And clicks on the next button</span>
      <div>Step skipped
      </div>
                  </div>
                  <div class="step skip-bg">
                    <span>Then capture the error message</span>
      <div>Step skipped
      </div>
                  </div>
              </div>
            </div>
            <div class="card-body l1">
              <div class="card-header">
                <div class="card-title outline-child">
                  <div class="node" id="164"><span class="badge log fail-bg mr-2">Fail</span>validate the email address and handle the error message</div>
                    <div class="status-avatar float-right">
                      <i class="fa fa-paperclip"></i>
                    </div>
                </div>
              </div>
              <div class="card-body mt-3 ">
                  <div class="step fail-bg">
                    <span>Given The user should on the accountsgoogle page</span>
      <div>
        <textarea disabled class="code-block">java.lang.AssertionError
	at org.junit.Assert.fail(Assert.java:87)
	at org.junit.Assert.assertTrue(Assert.java:42)
	at org.junit.Assert.assertTrue(Assert.java:53)
	at StepDefinition.LoginStepDefiniton.the_user_should_on_the_accountsgoogle_page(LoginStepDefiniton.java:23)
	at ✽.The user should on the accountsgoogle page(file:///C:/Users/2318647/OneDrive%20-%20Cognizant/Documents/Hackthon/features/4_Login.feature:4)
</textarea>
      
      </div>
                  </div>
                  <div class="step pass-bg">
                    <span>Hooks.Hooks.addScreenshot(io.cucumber.java.Scenario)</span>
      <div>validate the email address and handle the error message
          <div class="row mb-3"><div class="col-md-3">
<img data-featherlight='../ScreenshotsReport/embedded10.png' src="../ScreenshotsReport/embedded10.png">
    
    </div></div>
</div>
      <div>
      </div>
                  </div>
                  <div class="step skip-bg">
                    <span>When the enters "9" into the email field</span>
      <div>Step skipped
      </div>
                  </div>
                  <div class="step skip-bg">
                    <span>And clicks on the next button</span>
      <div>Step skipped
      </div>
                  </div>
                  <div class="step skip-bg">
                    <span>Then capture the error message</span>
      <div>Step skipped
      </div>
                  </div>
              </div>
            </div>
        </div>
  </div>
  <div class="card">
    <div class="card-header" role="tab">
      <div class="card-title">
        <div class="node" id="175"><span class="badge log fail-bg mr-2">Fail</span>close the google Window</div>
      </div>
    </div>
        <div class="">
          <div class="card-body">
              <div class="step fail-bg" title="StepDefinition.LoginStepDefiniton.close_the_google_window()">
                <span>Then close the google window</span>
      <div>
        <textarea disabled class="code-block">org.openqa.selenium.NoSuchSessionException: invalid session id
Build info: version: '4.19.1', revision: 'abe0ee07dc'
System info: os.name: 'Windows 11', os.arch: 'amd64', os.version: '10.0', java.version: '17.0.9'
Driver info: org.openqa.selenium.chrome.ChromeDriver
Command: [4e2ff5e98c1c9445ab10c384e47d52b9, switchToWindow {handle=513DEE043ABC88F55F4A7AF58695F28E}]
Capabilities {acceptInsecureCerts: false, browserName: chrome, browserVersion: 123.0.6312.59, chrome: {chromedriverVersion: 123.0.6312.122 (31f8248cdd9..., userDataDir: C:\WINDOWS\SystemTemp\scope...}, fedcm:accounts: true, goog:chromeOptions: {debuggerAddress: localhost:58496}, networkConnectionEnabled: false, pageLoadStrategy: normal, platformName: windows, proxy: Proxy(), se:cdp: ws://localhost:58496/devtoo..., se:cdpVersion: 123.0.6312.59, setWindowRect: true, strictFileInteractability: false, timeouts: {implicit: 0, pageLoad: 300000, script: 30000}, unhandledPromptBehavior: dismiss and notify, webauthn:extension:credBlob: true, webauthn:extension:largeBlob: true, webauthn:extension:minPinLength: true, webauthn:extension:prf: true, webauthn:virtualAuthenticators: true}
Session ID: 4e2ff5e98c1c9445ab10c384e47d52b9
	at java.base/jdk.internal.reflect.NativeConstructorAccessorImpl.newInstance0(Native Method)
	at java.base/jdk.internal.reflect.NativeConstructorAccessorImpl.newInstance(NativeConstructorAccessorImpl.java:77)
	at java.base/jdk.internal.reflect.DelegatingConstructorAccessorImpl.newInstance(DelegatingConstructorAccessorImpl.java:45)
	at java.base/java.lang.reflect.Constructor.newInstanceWithCaller(Constructor.java:499)
	at java.base/java.lang.reflect.Constructor.newInstance(Constructor.java:480)
	at org.openqa.selenium.remote.ErrorCodec.decode(ErrorCodec.java:167)
	at org.openqa.selenium.remote.codec.w3c.W3CHttpResponseCodec.decode(W3CHttpResponseCodec.java:138)
	at org.openqa.selenium.remote.codec.w3c.W3CHttpResponseCodec.decode(W3CHttpResponseCodec.java:50)
	at org.openqa.selenium.remote.HttpCommandExecutor.execute(HttpCommandExecutor.java:190)
	at org.openqa.selenium.remote.service.DriverCommandExecutor.invokeExecute(DriverCommandExecutor.java:216)
	at org.openqa.selenium.remote.service.DriverCommandExecutor.execute(DriverCommandExecutor.java:174)
	at org.openqa.selenium.remote.RemoteWebDriver.execute(RemoteWebDriver.java:518)
	at org.openqa.selenium.remote.RemoteWebDriver$RemoteTargetLocator.window(RemoteWebDriver.java:1118)
	at PageObject.LoginPage.closeSignIn(LoginPage.java:81)
	at StepDefinition.LoginStepDefiniton.close_the_google_window(LoginStepDefiniton.java:73)
	at ✽.close the google window(file:///C:/Users/2318647/OneDrive%20-%20Cognizant/Documents/Hackthon/features/4_Login.feature:23)
</textarea>
      
      </div>
              </div>
              <div class="step fail-bg" title="AFTER_STEP">
                <span>Hooks.Hooks.addScreenshot(io.cucumber.java.Scenario)</span>
      <div>
        <textarea disabled class="code-block">org.openqa.selenium.NoSuchSessionException: invalid session id
Build info: version: '4.19.1', revision: 'abe0ee07dc'
System info: os.name: 'Windows 11', os.arch: 'amd64', os.version: '10.0', java.version: '17.0.9'
Driver info: org.openqa.selenium.chrome.ChromeDriver
Command: [4e2ff5e98c1c9445ab10c384e47d52b9, screenshot {}]
Capabilities {acceptInsecureCerts: false, browserName: chrome, browserVersion: 123.0.6312.59, chrome: {chromedriverVersion: 123.0.6312.122 (31f8248cdd9..., userDataDir: C:\WINDOWS\SystemTemp\scope...}, fedcm:accounts: true, goog:chromeOptions: {debuggerAddress: localhost:58496}, networkConnectionEnabled: false, pageLoadStrategy: normal, platformName: windows, proxy: Proxy(), se:cdp: ws://localhost:58496/devtoo..., se:cdpVersion: 123.0.6312.59, setWindowRect: true, strictFileInteractability: false, timeouts: {implicit: 0, pageLoad: 300000, script: 30000}, unhandledPromptBehavior: dismiss and notify, webauthn:extension:credBlob: true, webauthn:extension:largeBlob: true, webauthn:extension:minPinLength: true, webauthn:extension:prf: true, webauthn:virtualAuthenticators: true}
Session ID: 4e2ff5e98c1c9445ab10c384e47d52b9
	at java.base/jdk.internal.reflect.NativeConstructorAccessorImpl.newInstance0(Native Method)
	at java.base/jdk.internal.reflect.NativeConstructorAccessorImpl.newInstance(NativeConstructorAccessorImpl.java:77)
	at java.base/jdk.internal.reflect.DelegatingConstructorAccessorImpl.newInstance(DelegatingConstructorAccessorImpl.java:45)
	at java.base/java.lang.reflect.Constructor.newInstanceWithCaller(Constructor.java:499)
	at java.base/java.lang.reflect.Constructor.newInstance(Constructor.java:480)
	at org.openqa.selenium.remote.ErrorCodec.decode(ErrorCodec.java:167)
	at org.openqa.selenium.remote.codec.w3c.W3CHttpResponseCodec.decode(W3CHttpResponseCodec.java:138)
	at org.openqa.selenium.remote.codec.w3c.W3CHttpResponseCodec.decode(W3CHttpResponseCodec.java:50)
	at org.openqa.selenium.remote.HttpCommandExecutor.execute(HttpCommandExecutor.java:190)
	at org.openqa.selenium.remote.service.DriverCommandExecutor.invokeExecute(DriverCommandExecutor.java:216)
	at org.openqa.selenium.remote.service.DriverCommandExecutor.execute(DriverCommandExecutor.java:174)
	at org.openqa.selenium.remote.RemoteWebDriver.execute(RemoteWebDriver.java:518)
	at org.openqa.selenium.remote.RemoteWebDriver.execute(RemoteWebDriver.java:591)
	at org.openqa.selenium.remote.RemoteWebDriver.execute(RemoteWebDriver.java:595)
	at org.openqa.selenium.remote.RemoteWebDriver.getScreenshotAs(RemoteWebDriver.java:321)
	at Hooks.Hooks.addScreenshot(Hooks.java:55)
</textarea>
      
      </div>
              </div>
          </div>
        </div>
  </div>
</div>
          </div>
        </li>
      </ul>
    </div>
  </div>
<div class="test-content scrollable">
<div class="test-content-tools">
<ul><li><a class="back-to-test" href="#"><i class="fa fa-arrow-left"></i></a></li></ul>
</div>
<div class="test-content-detail"><div class="detail-body"></div></div>
</div></div>
<div class="test-wrapper row view exception-view attributes-view">
<div class="test-list">
<div class="test-list-tools">
<ul class="tools pull-left"><li><a href=""><span class="font-size-14">Exception</span></a></li></ul>
<ul class="tools text-right"><li><a href="#"><span class="badge badge-primary">3</span></a></li></ul>
</div>
<div class="test-list-wrapper scrollable">
<ul class="test-list-item">
<li class="test-item">
<div class="test-detail">
<span class="meta">
<span class='badge log badge-danger'>1</span>
</span>
<p class="name">org.openqa.selenium.TimeoutException</p>
<p class="duration text-sm">1 tests</p>
</div>
<div class="test-contents d-none">
<div class="info">
<h4>org.openqa.selenium.TimeoutException</h4>
<span status="fail" class='badge log badge-danger'>1 failed</span>
</div>
<table class='table table-sm mt-4'>
<thead>
<tr>
<th class="status-col">Status</th>
<th class="timestamp-col">Timestamp</th>
<th>TestName</th>
</tr>
</thead>
<tbody>
<tr class="tag-test-status" status="fail">
<td><span class="badge log fail-bg">Fail</span></td>
<td>11:50:00 AM</td>
<td>
<a href="#" class="linked" test-id='55' id='69'>Then the sign-in pop-up option will appear</a>
<div class="">
<span class="badge badge-default">Car Page Interaction.Log in as a registered user.Then the sign-in pop-up option will appear</span>
</div>
</td>
</tr>
</tbody>
</table>
</div>
</li>
<li class="test-item">
<div class="test-detail">
<span class="meta">
<span class='badge log badge-danger'>2</span>
</span>
<p class="name">org.openqa.selenium.NoSuchSessionException</p>
<p class="duration text-sm">2 tests</p>
</div>
<div class="test-contents d-none">
<div class="info">
<h4>org.openqa.selenium.NoSuchSessionException</h4>
<span status="fail" class='badge log badge-danger'>2 failed</span>
</div>
<table class='table table-sm mt-4'>
<thead>
<tr>
<th class="status-col">Status</th>
<th class="timestamp-col">Timestamp</th>
<th>TestName</th>
</tr>
</thead>
<tbody>
<tr class="tag-test-status" status="fail">
<td><span class="badge log fail-bg">Fail</span></td>
<td>11:50:12 AM</td>
<td>
<a href="#" class="linked" test-id='74' id='177'>Then close the google window</a>
<div class="">
<span class="badge badge-default">Login page Email Vaildation.close the google Window.Then close the google window</span>
</div>
</td>
</tr>
<tr class="tag-test-status" status="fail">
<td><span class="badge log fail-bg">Fail</span></td>
<td>11:50:15 AM</td>
<td>
<a href="#" class="linked" test-id='74' id='178'>Hooks.Hooks.addScreenshot(io.cucumber.java.Scenario)</a>
<div class="">
<span class="badge badge-default">Login page Email Vaildation.close the google Window.Hooks.Hooks.addScreenshot(io.cucumber.java.Scenario)</span>
</div>
</td>
</tr>
</tbody>
</table>
</div>
</li>
<li class="test-item">
<div class="test-detail">
<span class="meta">
<span class='badge log badge-danger'>9</span>
</span>
<p class="name">java.lang.AssertionError</p>
<p class="duration text-sm">9 tests</p>
</div>
<div class="test-contents d-none">
<div class="info">
<h4>java.lang.AssertionError</h4>
<span status="fail" class='badge log badge-danger'>9 failed</span>
</div>
<table class='table table-sm mt-4'>
<thead>
<tr>
<th class="status-col">Status</th>
<th class="timestamp-col">Timestamp</th>
<th>TestName</th>
</tr>
</thead>
<tbody>
<tr class="tag-test-status" status="fail">
<td><span class="badge log fail-bg">Fail</span></td>
<td>11:50:10 AM</td>
<td>
<a href="#" class="linked" test-id='74' id='78'>Given The user should on the accountsgoogle page</a>
<div class="">
<span class="badge badge-default">Login page Email Vaildation.validate the email address and handle the error message.Given The user should on the accountsgoogle page</span>
</div>
</td>
</tr>
<tr class="tag-test-status" status="fail">
<td><span class="badge log fail-bg">Fail</span></td>
<td>11:50:11 AM</td>
<td>
<a href="#" class="linked" test-id='74' id='89'>Given The user should on the accountsgoogle page</a>
<div class="">
<span class="badge badge-default">Login page Email Vaildation.validate the email address and handle the error message.Given The user should on the accountsgoogle page</span>
</div>
</td>
</tr>
<tr class="tag-test-status" status="fail">
<td><span class="badge log fail-bg">Fail</span></td>
<td>11:50:11 AM</td>
<td>
<a href="#" class="linked" test-id='74' id='100'>Given The user should on the accountsgoogle page</a>
<div class="">
<span class="badge badge-default">Login page Email Vaildation.validate the email address and handle the error message.Given The user should on the accountsgoogle page</span>
</div>
</td>
</tr>
<tr class="tag-test-status" status="fail">
<td><span class="badge log fail-bg">Fail</span></td>
<td>11:50:11 AM</td>
<td>
<a href="#" class="linked" test-id='74' id='111'>Given The user should on the accountsgoogle page</a>
<div class="">
<span class="badge badge-default">Login page Email Vaildation.validate the email address and handle the error message.Given The user should on the accountsgoogle page</span>
</div>
</td>
</tr>
<tr class="tag-test-status" status="fail">
<td><span class="badge log fail-bg">Fail</span></td>
<td>11:50:11 AM</td>
<td>
<a href="#" class="linked" test-id='74' id='122'>Given The user should on the accountsgoogle page</a>
<div class="">
<span class="badge badge-default">Login page Email Vaildation.validate the email address and handle the error message.Given The user should on the accountsgoogle page</span>
</div>
</td>
</tr>
<tr class="tag-test-status" status="fail">
<td><span class="badge log fail-bg">Fail</span></td>
<td>11:50:11 AM</td>
<td>
<a href="#" class="linked" test-id='74' id='133'>Given The user should on the accountsgoogle page</a>
<div class="">
<span class="badge badge-default">Login page Email Vaildation.validate the email address and handle the error message.Given The user should on the accountsgoogle page</span>
</div>
</td>
</tr>
<tr class="tag-test-status" status="fail">
<td><span class="badge log fail-bg">Fail</span></td>
<td>11:50:12 AM</td>
<td>
<a href="#" class="linked" test-id='74' id='144'>Given The user should on the accountsgoogle page</a>
<div class="">
<span class="badge badge-default">Login page Email Vaildation.validate the email address and handle the error message.Given The user should on the accountsgoogle page</span>
</div>
</td>
</tr>
<tr class="tag-test-status" status="fail">
<td><span class="badge log fail-bg">Fail</span></td>
<td>11:50:12 AM</td>
<td>
<a href="#" class="linked" test-id='74' id='155'>Given The user should on the accountsgoogle page</a>
<div class="">
<span class="badge badge-default">Login page Email Vaildation.validate the email address and handle the error message.Given The user should on the accountsgoogle page</span>
</div>
</td>
</tr>
<tr class="tag-test-status" status="fail">
<td><span class="badge log fail-bg">Fail</span></td>
<td>11:50:12 AM</td>
<td>
<a href="#" class="linked" test-id='74' id='166'>Given The user should on the accountsgoogle page</a>
<div class="">
<span class="badge badge-default">Login page Email Vaildation.validate the email address and handle the error message.Given The user should on the accountsgoogle page</span>
</div>
</td>
</tr>
</tbody>
</table>
</div>
</li>
</ul>
</div>
</div>
<div class="test-content scrollable">
<div class="test-content-detail">
<div class="detail-body"></div>
</div>
</div>
</div><div class="container-fluid p-4 view dashboard-view">
<div class="row">
<div class="col-md-3">
<div class="card"><div class="card-body">
<p class="m-b-0">Started</p>
<h3>Jun 19, 2024 11:49:09 AM</h3>
</div></div>
</div>
<div class="col-md-3">
<div class="card"><div class="card-body">
<p class="m-b-0">Ended</p>
<h3>Jun 19, 2024 11:50:15 AM</h3>
</div></div>
</div>
<div class="col-md-3">
<div class="card"><div class="card-body">
<p class="m-b-0 text-pass">Features Passed</p>
<h3>2</h3>
</div></div>
</div>
<div class="col-md-3">
<div class="card"><div class="card-body">
<p class="m-b-0 text-fail">Features Failed</p>
<h3>2</h3>
</div></div>
</div>
</div>
<div class="row">
<div class="col-md-4">
<div class="card">
<div class="card-header">
<h6 class="card-title">Features</h6>
</div>
<div class="card-body">
<div class="">
<canvas id='parent-analysis' width='115' height='90'></canvas>
</div>
</div>
<div class="card-footer">
<div><small data-tooltip='50%'>
<b>2</b> features passed
</small>
</div>
<div>
<small data-tooltip='50%'><b>2</b> features failed,
<b>0</b> skipped, <b data-tooltip='0%'>0</b> others
</small>
</div>
</div>
</div>
</div>
<div class="col-md-4">
<div class="card">
<div class="card-header">
<h6 class="card-title">Scenarios</h6>
</div>
<div class="card-body">
<div class="">
<canvas id='child-analysis' width='115' height='90'></canvas>
</div>
</div>
<div class="card-footer">
<div><small data-tooltip='38%'><b>7</b> scenarios passed</small></div>
<div>
<small data-tooltip='61%'><b>11</b> scenarios failed,
<b>0</b> skipped, <b data-tooltip='%'>0</b> others
</small>
</div>
</div>
</div>
</div>
<div class="col-md-4">
<div class="card">
<div class="card-header">
<h6 class="card-title">Steps</h6>
</div>
<div class="card-body">
<div class="">
<canvas id='grandchild-analysis' width='115' height='90'></canvas>
</div>
</div>
<div class="card-footer">
<div><small data-tooltip='43%'><b>31</b> steps passed</small></div>
<div>
<small data-tooltip='16%'><b>12</b> steps failed,
<b>28</b> skipped, <b data-tooltip='%'>0</b> others
</small>
</div>
</div>
</div>
</div>
</div>
<div class="row"><div class="col-md-12">
<div class="card"><div class="card-header"><p>Timeline</p></div>
<div class="card-body pt-0"><div>
<canvas id="timeline" height="120"></canvas>
</div></div>
</div>
</div></div>
<script>
var timeline = {
"Validate the Home Page Functionalites":25.35,"Upcoming Bike Page Interaction":22.649,"Car Page Interaction":11.876,"Login page Email Vaildation":4.814
};
</script>
<div class="row">
</div>
</div>
<script>
var statusGroup = {
parentCount: 5,
passParent: 2,
failParent: 2,
warningParent: 0,
skipParent: 0,
childCount: 5,
passChild: 7,
failChild: 11,
warningChild: 0,
skipChild: 0,
infoChild: 0,
grandChildCount: 5,
passGrandChild: 31,
failGrandChild: 12,
warningGrandChild: 0,
skipGrandChild: 28,
infoGrandChild: 0,
eventsCount: 5,
};
</script>        </div>
      </div>
    </div>
  </div>
<script src="https://cdn.jsdelivr.net/gh/extent-framework/extent-github-cdn@d6562a79075e061305ccfdb82f01e5e195e2d307/spark/js/spark-script.js"></script>
<script type="text/javascript"></script></body>
</html>